{"/Users/rosey/code/my-table-work/src/components/pagination/src/index.vue": {"path":"/Users/rosey/code/my-table-work/src/components/pagination/src/index.vue","statementMap":{"0":{"start":{"line":43,"column":0},"end":{"line":43,"column":null}},"1":{"start":{"line":44,"column":0},"end":{"line":44,"column":null}},"2":{"start":{"line":45,"column":0},"end":{"line":45,"column":null}},"3":{"start":{"line":47,"column":0},"end":{"line":47,"column":15}},"4":{"start":{"line":50,"column":21},"end":{"line":50,"column":23}},"5":{"start":{"line":50,"column":29},"end":{"line":50,"column":31}},"6":{"start":{"line":51,"column":27},"end":{"line":51,"column":31}},"7":{"start":{"line":52,"column":24},"end":{"line":52,"column":30}},"8":{"start":{"line":54,"column":24},"end":{"line":54,"column":32}},"9":{"start":{"line":55,"column":22},"end":{"line":55,"column":null}},"10":{"start":{"line":58,"column":26},"end":{"line":68,"column":null}},"11":{"start":{"line":59,"column":6},"end":{"line":61,"column":null}},"12":{"start":{"line":60,"column":8},"end":{"line":60,"column":15}},"13":{"start":{"line":62,"column":6},"end":{"line":65,"column":null}},"14":{"start":{"line":64,"column":8},"end":{"line":64,"column":15}},"15":{"start":{"line":67,"column":6},"end":{"line":67,"column":13}},"16":{"start":{"line":70,"column":23},"end":{"line":72,"column":null}},"17":{"start":{"line":71,"column":6},"end":{"line":71,"column":17}},"18":{"start":{"line":74,"column":21},"end":{"line":77,"column":null}},"19":{"start":{"line":75,"column":17},"end":{"line":75,"column":28}},"20":{"start":{"line":76,"column":6},"end":{"line":76,"column":20}},"21":{"start":{"line":79,"column":4},"end":{"line":79,"column":10}},"22":{"start":{"line":83,"column":4},"end":{"line":83,"column":11}}},"fnMap":{"0":{"name":"(anonymous_0)","decl":{"start":{"line":50,"column":2},"end":{"line":50,"column":7}},"loc":{"start":{"line":50,"column":31},"end":{"line":91,"column":null}}},"1":{"name":"(anonymous_1)","decl":{"start":{"line":58,"column":26},"end":{"line":58,"column":27}},"loc":{"start":{"line":58,"column":48},"end":{"line":68,"column":null}}},"2":{"name":"(anonymous_2)","decl":{"start":{"line":70,"column":23},"end":{"line":70,"column":24}},"loc":{"start":{"line":70,"column":54},"end":{"line":72,"column":null}}},"3":{"name":"(anonymous_3)","decl":{"start":{"line":74,"column":21},"end":{"line":74,"column":null}},"loc":{"start":{"line":74,"column":21},"end":{"line":77,"column":null}}}},"branchMap":{"0":{"loc":{"start":{"line":59,"column":6},"end":{"line":61,"column":null}},"type":"if","locations":[{"start":{"line":59,"column":6},"end":{"line":61,"column":null}}]},"1":{"loc":{"start":{"line":60,"column":15},"end":{"line":60,"column":null}},"type":"cond-expr","locations":[{"start":{"line":60,"column":44},"end":{"line":60,"column":55}},{"start":{"line":60,"column":55},"end":{"line":60,"column":null}}]},"2":{"loc":{"start":{"line":62,"column":6},"end":{"line":65,"column":null}},"type":"if","locations":[{"start":{"line":62,"column":6},"end":{"line":65,"column":null}}]},"3":{"loc":{"start":{"line":64,"column":15},"end":{"line":64,"column":null}},"type":"cond-expr","locations":[{"start":{"line":64,"column":49},"end":{"line":64,"column":62}},{"start":{"line":64,"column":62},"end":{"line":64,"column":null}}]},"4":{"loc":{"start":{"line":67,"column":13},"end":{"line":67,"column":null}},"type":"cond-expr","locations":[{"start":{"line":67,"column":39},"end":{"line":67,"column":52}},{"start":{"line":67,"column":52},"end":{"line":67,"column":null}}]}},"s":{"0":1,"1":1,"2":1,"3":1,"4":1,"5":1,"6":1,"7":1,"8":1,"9":1,"10":1,"11":123,"12":101,"13":22,"14":11,"15":11,"16":1,"17":4,"18":1,"19":3,"20":3,"21":1,"22":1},"f":{"0":1,"1":123,"2":4,"3":3},"b":{"0":[101],"1":[11,90],"2":[11],"3":[6,5],"4":[3,8]}}
,"/Users/rosey/code/my-table-work/src/components/table/src/column.vue": {"path":"/Users/rosey/code/my-table-work/src/components/table/src/column.vue","statementMap":{"0":{"start":{"line":2,"column":0},"end":{"line":2,"column":null}},"1":{"start":{"line":3,"column":0},"end":{"line":3,"column":null}},"2":{"start":{"line":5,"column":0},"end":{"line":5,"column":15}}},"fnMap":{},"branchMap":{},"s":{"0":1,"1":1,"2":1},"f":{},"b":{}}
,"/Users/rosey/code/my-table-work/src/components/table/src/table-v2.vue": {"path":"/Users/rosey/code/my-table-work/src/components/table/src/table-v2.vue","statementMap":{"0":{"start":{"line":30,"column":0},"end":{"line":30,"column":null}},"1":{"start":{"line":39,"column":0},"end":{"line":39,"column":null}},"2":{"start":{"line":40,"column":0},"end":{"line":40,"column":null}},"3":{"start":{"line":41,"column":0},"end":{"line":41,"column":null}},"4":{"start":{"line":42,"column":0},"end":{"line":42,"column":null}},"5":{"start":{"line":43,"column":0},"end":{"line":43,"column":null}},"6":{"start":{"line":45,"column":0},"end":{"line":45,"column":null}},"7":{"start":{"line":47,"column":0},"end":{"line":47,"column":15}},"8":{"start":{"line":55,"column":21},"end":{"line":55,"column":23}},"9":{"start":{"line":55,"column":29},"end":{"line":55,"column":31}},"10":{"start":{"line":56,"column":26},"end":{"line":56,"column":null}},"11":{"start":{"line":57,"column":17},"end":{"line":57,"column":23}},"12":{"start":{"line":58,"column":17},"end":{"line":58,"column":33}},"13":{"start":{"line":60,"column":4},"end":{"line":60,"column":10}},"14":{"start":{"line":61,"column":6},"end":{"line":61,"column":10}},"15":{"start":{"line":64,"column":22},"end":{"line":66,"column":null}},"16":{"start":{"line":65,"column":6},"end":{"line":65,"column":10}},"17":{"start":{"line":67,"column":4},"end":{"line":67,"column":null}},"18":{"start":{"line":69,"column":22},"end":{"line":69,"column":30}},"19":{"start":{"line":70,"column":4},"end":{"line":72,"column":null}},"20":{"start":{"line":71,"column":6},"end":{"line":71,"column":10}},"21":{"start":{"line":73,"column":25},"end":{"line":75,"column":null}},"22":{"start":{"line":74,"column":6},"end":{"line":74,"column":10}},"23":{"start":{"line":77,"column":4},"end":{"line":77,"column":10}},"24":{"start":{"line":80,"column":8},"end":{"line":80,"column":19}},"25":{"start":{"line":81,"column":8},"end":{"line":81,"column":null}},"26":{"start":{"line":85,"column":24},"end":{"line":90,"column":null}},"27":{"start":{"line":86,"column":23},"end":{"line":86,"column":null}},"28":{"start":{"line":88,"column":25},"end":{"line":88,"column":null}},"29":{"start":{"line":89,"column":6},"end":{"line":89,"column":13}},"30":{"start":{"line":91,"column":37},"end":{"line":91,"column":null}},"31":{"start":{"line":91,"column":20},"end":{"line":91,"column":22}},"32":{"start":{"line":91,"column":32},"end":{"line":91,"column":37}},"33":{"start":{"line":92,"column":4},"end":{"line":92,"column":12}},"34":{"start":{"line":95,"column":24},"end":{"line":104,"column":null}},"35":{"start":{"line":96,"column":27},"end":{"line":96,"column":35}},"36":{"start":{"line":97,"column":6},"end":{"line":103,"column":null}},"37":{"start":{"line":102,"column":8},"end":{"line":102,"column":14}},"38":{"start":{"line":105,"column":4},"end":{"line":105,"column":null}},"39":{"start":{"line":107,"column":4},"end":{"line":107,"column":11}}},"fnMap":{"0":{"name":"(anonymous_1)","decl":{"start":{"line":55,"column":2},"end":{"line":55,"column":7}},"loc":{"start":{"line":55,"column":31},"end":{"line":113,"column":null}}},"1":{"name":"(anonymous_2)","decl":{"start":{"line":60,"column":21},"end":{"line":60,"column":null}},"loc":{"start":{"line":60,"column":21},"end":{"line":62,"column":null}}},"2":{"name":"(anonymous_3)","decl":{"start":{"line":64,"column":22},"end":{"line":64,"column":null}},"loc":{"start":{"line":64,"column":22},"end":{"line":66,"column":null}}},"3":{"name":"(anonymous_4)","decl":{"start":{"line":73,"column":25},"end":{"line":73,"column":26}},"loc":{"start":{"line":73,"column":72},"end":{"line":75,"column":null}}},"4":{"name":"(anonymous_5)","decl":{"start":{"line":79,"column":17},"end":{"line":79,"column":null}},"loc":{"start":{"line":79,"column":17},"end":{"line":82,"column":null}}},"5":{"name":"(anonymous_6)","decl":{"start":{"line":85,"column":24},"end":{"line":85,"column":null}},"loc":{"start":{"line":85,"column":24},"end":{"line":90,"column":null}}},"6":{"name":"(anonymous_7)","decl":{"start":{"line":95,"column":24},"end":{"line":95,"column":null}},"loc":{"start":{"line":95,"column":24},"end":{"line":104,"column":null}}}},"branchMap":{"0":{"loc":{"start":{"line":70,"column":4},"end":{"line":72,"column":null}},"type":"if","locations":[{"start":{"line":70,"column":4},"end":{"line":72,"column":null}}]},"1":{"loc":{"start":{"line":88,"column":25},"end":{"line":88,"column":null}},"type":"binary-expr","locations":[{"start":{"line":88,"column":25},"end":{"line":88,"column":56}},{"start":{"line":88,"column":56},"end":{"line":88,"column":null}}]},"2":{"loc":{"start":{"line":88,"column":25},"end":{"line":88,"column":56}},"type":"cond-expr","locations":[{"start":{"line":88,"column":48},"end":{"line":88,"column":56}},{"start":{"line":88,"column":48},"end":{"line":88,"column":56}}]},"3":{"loc":{"start":{"line":88,"column":25},"end":{"line":88,"column":56}},"type":"binary-expr","locations":[{"start":{"line":88,"column":25},"end":{"line":88,"column":56}},{"start":{"line":88,"column":48},"end":{"line":88,"column":56}}]},"4":{"loc":{"start":{"line":88,"column":25},"end":{"line":88,"column":48}},"type":"cond-expr","locations":[{"start":{"line":88,"column":33},"end":{"line":88,"column":35}},{"start":{"line":88,"column":33},"end":{"line":88,"column":48}}]},"5":{"loc":{"start":{"line":88,"column":25},"end":{"line":88,"column":35}},"type":"binary-expr","locations":[{"start":{"line":88,"column":25},"end":{"line":88,"column":35}},{"start":{"line":88,"column":25},"end":{"line":88,"column":35}}]},"6":{"loc":{"start":{"line":96,"column":27},"end":{"line":96,"column":35}},"type":"binary-expr","locations":[{"start":{"line":96,"column":27},"end":{"line":96,"column":53}},{"start":{"line":96,"column":53},"end":{"line":96,"column":null}}]},"7":{"loc":{"start":{"line":96,"column":27},"end":{"line":96,"column":53}},"type":"cond-expr","locations":[{"start":{"line":96,"column":35},"end":{"line":96,"column":37}},{"start":{"line":96,"column":27},"end":{"line":96,"column":53}}]},"8":{"loc":{"start":{"line":96,"column":27},"end":{"line":96,"column":37}},"type":"binary-expr","locations":[{"start":{"line":96,"column":27},"end":{"line":96,"column":37}},{"start":{"line":96,"column":27},"end":{"line":96,"column":37}}]},"9":{"loc":{"start":{"line":96,"column":53},"end":{"line":96,"column":null}},"type":"cond-expr","locations":[{"start":{"line":96,"column":61},"end":{"line":96,"column":63}},{"start":{"line":96,"column":53},"end":{"line":96,"column":null}}]},"10":{"loc":{"start":{"line":96,"column":53},"end":{"line":96,"column":63}},"type":"binary-expr","locations":[{"start":{"line":96,"column":53},"end":{"line":96,"column":63}},{"start":{"line":96,"column":53},"end":{"line":96,"column":63}}]},"11":{"loc":{"start":{"line":97,"column":6},"end":{"line":103,"column":null}},"type":"if","locations":[{"start":{"line":97,"column":6},"end":{"line":103,"column":null}}]},"12":{"loc":{"start":{"line":98,"column":8},"end":{"line":100,"column":null}},"type":"binary-expr","locations":[{"start":{"line":98,"column":8},"end":{"line":98,"column":null}},{"start":{"line":99,"column":8},"end":{"line":99,"column":null}},{"start":{"line":100,"column":8},"end":{"line":100,"column":null}}]}},"s":{"0":1,"1":1,"2":1,"3":1,"4":1,"5":1,"6":1,"7":1,"8":3,"9":3,"10":3,"11":3,"12":3,"13":3,"14":1,"15":3,"16":4,"17":3,"18":3,"19":3,"20":3,"21":3,"22":3,"23":3,"24":1,"25":1,"26":3,"27":3,"28":3,"29":3,"30":3,"31":3,"32":3,"33":3,"34":3,"35":3,"36":3,"37":1,"38":3,"39":2},"f":{"0":3,"1":1,"2":4,"3":3,"4":1,"5":3,"6":3},"b":{"0":[3],"1":[3,2],"2":[2,1],"3":[3,3],"4":[0,3],"5":[3,3],"6":[3,1],"7":[0,3],"8":[3,3],"9":[0,1],"10":[1,1],"11":[1],"12":[3,2,2]}}
,"/Users/rosey/code/my-table-work/src/components/table/src/table-body/bodyCell.vue": {"path":"/Users/rosey/code/my-table-work/src/components/table/src/table-body/bodyCell.vue","statementMap":{"0":{"start":{"line":8,"column":0},"end":{"line":8,"column":null}},"1":{"start":{"line":10,"column":14},"end":{"line":10,"column":null}},"2":{"start":{"line":17,"column":0},"end":{"line":17,"column":15}},"3":{"start":{"line":21,"column":21},"end":{"line":21,"column":28}},"4":{"start":{"line":22,"column":4},"end":{"line":22,"column":11}}},"fnMap":{"0":{"name":"(anonymous_0)","decl":{"start":{"line":20,"column":7},"end":{"line":20,"column":null}},"loc":{"start":{"line":20,"column":7},"end":{"line":25,"column":null}}}},"branchMap":{},"s":{"0":1,"1":1,"2":1,"3":3,"4":3},"f":{"0":3},"b":{}}
,"/Users/rosey/code/my-table-work/src/components/table/src/table-body/empty.vue": {"path":"/Users/rosey/code/my-table-work/src/components/table/src/table-body/empty.vue","statementMap":{"0":{"start":{"line":10,"column":0},"end":{"line":10,"column":null}},"1":{"start":{"line":12,"column":0},"end":{"line":12,"column":15}}},"fnMap":{},"branchMap":{},"s":{"0":1,"1":1},"f":{},"b":{}}
,"/Users/rosey/code/my-table-work/src/components/table/src/table-body/index.vue": {"path":"/Users/rosey/code/my-table-work/src/components/table/src/table-body/index.vue","statementMap":{"0":{"start":{"line":10,"column":0},"end":{"line":10,"column":null}},"1":{"start":{"line":11,"column":0},"end":{"line":11,"column":null}},"2":{"start":{"line":14,"column":14},"end":{"line":14,"column":null}},"3":{"start":{"line":21,"column":0},"end":{"line":21,"column":15}},"4":{"start":{"line":28,"column":4},"end":{"line":28,"column":11}}},"fnMap":{"0":{"name":"(anonymous_1)","decl":{"start":{"line":27,"column":7},"end":{"line":27,"column":null}},"loc":{"start":{"line":27,"column":7},"end":{"line":29,"column":null}}}},"branchMap":{},"s":{"0":1,"1":1,"2":1,"3":1,"4":1},"f":{"0":1},"b":{}}
,"/Users/rosey/code/my-table-work/src/components/table/src/table-header/index.vue": {"path":"/Users/rosey/code/my-table-work/src/components/table/src/table-header/index.vue","statementMap":{"0":{"start":{"line":12,"column":0},"end":{"line":12,"column":null}},"1":{"start":{"line":13,"column":0},"end":{"line":13,"column":null}},"2":{"start":{"line":15,"column":14},"end":{"line":15,"column":null}},"3":{"start":{"line":22,"column":0},"end":{"line":22,"column":15}},"4":{"start":{"line":29,"column":21},"end":{"line":29,"column":23}},"5":{"start":{"line":30,"column":26},"end":{"line":30,"column":null}},"6":{"start":{"line":31,"column":17},"end":{"line":31,"column":24}},"7":{"start":{"line":33,"column":17},"end":{"line":35,"column":null}},"8":{"start":{"line":34,"column":6},"end":{"line":34,"column":10}},"9":{"start":{"line":37,"column":4},"end":{"line":37,"column":11}}},"fnMap":{"0":{"name":"(anonymous_1)","decl":{"start":{"line":29,"column":2},"end":{"line":29,"column":7}},"loc":{"start":{"line":29,"column":23},"end":{"line":42,"column":null}}},"1":{"name":"(anonymous_2)","decl":{"start":{"line":33,"column":17},"end":{"line":33,"column":18}},"loc":{"start":{"line":33,"column":64},"end":{"line":35,"column":null}}}},"branchMap":{},"s":{"0":1,"1":1,"2":1,"3":1,"4":1,"5":1,"6":1,"7":1,"8":2,"9":1},"f":{"0":1,"1":2},"b":{}}
}
