TN:
SF:src/components/pagination/src/index.vue
FN:50,(anonymous_0)
FN:58,(anonymous_1)
FN:70,(anonymous_2)
FN:74,(anonymous_3)
FNF:4
FNH:4
FNDA:1,(anonymous_0)
FNDA:123,(anonymous_1)
FNDA:4,(anonymous_2)
FNDA:3,(anonymous_3)
DA:43,1
DA:44,1
DA:45,1
DA:47,1
DA:50,1
DA:51,1
DA:52,1
DA:54,1
DA:55,1
DA:58,1
DA:59,123
DA:60,101
DA:62,22
DA:64,11
DA:67,11
DA:70,1
DA:71,4
DA:74,1
DA:75,3
DA:76,3
DA:79,1
DA:83,1
LF:22
LH:22
BRDA:59,0,0,101
BRDA:60,1,0,11
BRDA:60,1,1,90
BRDA:62,2,0,11
BRDA:64,3,0,6
BRDA:64,3,1,5
BRDA:67,4,0,3
BRDA:67,4,1,8
BRF:8
BRH:8
end_of_record
TN:
SF:src/components/table/src/column.vue
FNF:0
FNH:0
DA:2,1
DA:3,1
DA:5,1
LF:3
LH:3
BRF:0
BRH:0
end_of_record
TN:
SF:src/components/table/src/table-v2.vue
FN:55,(anonymous_1)
FN:60,(anonymous_2)
FN:64,(anonymous_3)
FN:73,(anonymous_4)
FN:79,(anonymous_5)
FN:85,(anonymous_6)
FN:95,(anonymous_7)
FNF:7
FNH:7
FNDA:3,(anonymous_1)
FNDA:1,(anonymous_2)
FNDA:4,(anonymous_3)
FNDA:3,(anonymous_4)
FNDA:1,(anonymous_5)
FNDA:3,(anonymous_6)
FNDA:3,(anonymous_7)
DA:30,1
DA:39,1
DA:40,1
DA:41,1
DA:42,1
DA:43,1
DA:45,1
DA:47,1
DA:55,3
DA:56,3
DA:57,3
DA:58,3
DA:60,3
DA:61,1
DA:64,3
DA:65,4
DA:67,3
DA:69,3
DA:70,3
DA:71,3
DA:73,3
DA:74,3
DA:77,3
DA:80,1
DA:81,1
DA:85,3
DA:86,3
DA:88,3
DA:89,3
DA:91,3
DA:92,3
DA:95,3
DA:96,3
DA:97,3
DA:102,1
DA:105,3
DA:107,2
LF:37
LH:37
BRDA:70,0,0,3
BRDA:88,1,0,3
BRDA:88,1,1,2
BRDA:88,2,0,2
BRDA:88,2,1,1
BRDA:88,3,0,3
BRDA:88,3,1,3
BRDA:88,4,0,0
BRDA:88,4,1,3
BRDA:88,5,0,3
BRDA:88,5,1,3
BRDA:96,6,0,3
BRDA:96,6,1,1
BRDA:96,7,0,0
BRDA:96,7,1,3
BRDA:96,8,0,3
BRDA:96,8,1,3
BRDA:96,9,0,0
BRDA:96,9,1,1
BRDA:96,10,0,1
BRDA:96,10,1,1
BRDA:97,11,0,1
BRDA:98,12,0,3
BRDA:98,12,1,2
BRDA:98,12,2,2
BRF:25
BRH:22
end_of_record
TN:
SF:src/components/table/src/table-body/bodyCell.vue
FN:20,(anonymous_0)
FNF:1
FNH:1
FNDA:3,(anonymous_0)
DA:8,1
DA:10,1
DA:17,1
DA:21,3
DA:22,3
LF:5
LH:5
BRF:0
BRH:0
end_of_record
TN:
SF:src/components/table/src/table-body/empty.vue
FNF:0
FNH:0
DA:10,1
DA:12,1
LF:2
LH:2
BRF:0
BRH:0
end_of_record
TN:
SF:src/components/table/src/table-body/index.vue
FN:27,(anonymous_1)
FNF:1
FNH:1
FNDA:1,(anonymous_1)
DA:10,1
DA:11,1
DA:14,1
DA:21,1
DA:28,1
LF:5
LH:5
BRF:0
BRH:0
end_of_record
TN:
SF:src/components/table/src/table-header/index.vue
FN:29,(anonymous_1)
FN:33,(anonymous_2)
FNF:2
FNH:2
FNDA:1,(anonymous_1)
FNDA:2,(anonymous_2)
DA:12,1
DA:13,1
DA:15,1
DA:22,1
DA:29,1
DA:30,1
DA:31,1
DA:33,1
DA:34,2
DA:37,1
LF:10
LH:10
BRF:0
BRH:0
end_of_record
